#
# A fatal error has been detected by the Java Runtime Environment:
#
#  EXCEPTION_ACCESS_VIOLATION (0xc0000005) at pc=0x0000000000000006, pid=14872, tid=13500
#
# JRE version: Java(TM) SE Runtime Environment (8.0_74-b02) (build 1.8.0_74-b02)
# Java VM: Java HotSpot(TM) 64-Bit Server VM (25.74-b02 mixed mode windows-amd64 compressed oops)
# Problematic frame:
# C  0x0000000000000006
#
# Failed to write core dump. Minidumps are not enabled by default on client versions of Windows
#
# If you would like to submit a bug report, please visit:
#   http://bugreport.java.com/bugreport/crash.jsp
#

---------------  T H R E A D  ---------------

Current thread (0x00000000027ba800):  GCTaskThread [stack: 0x0000000012d70000,0x0000000012e70000] [id=13500]

siginfo: ExceptionCode=0xc0000005, ExceptionInformation=0x0000000000000008 0x0000000000000006

Registers:
RAX=0x000000001c8d0840, RBX=0x00000000000026af, RCX=0x00000007c0a51550, RDX=0x000000000288d520
RSP=0x0000000012e6f5f8, RBP=0x0000000000000000, RSI=0x000000000288d520, RDI=0x0000000000000002
R8 =0x0000000789d7bc80, R9 =0x00000007c0a51550, R10=0x000000000000000c, R11=0x00000000000026af
R12=0x000000006f0ba688, R13=0x00000000027afdb0, R14=0x00000000027bafd0, R15=0x0000000000000000
RIP=0x0000000000000006, EFLAGS=0x0000000000010206

Top of Stack: (sp=0x0000000012e6f5f8)
0x0000000012e6f5f8:   000000006ee62780 000000001da5a5b8
0x0000000012e6f608:   0000000000000000 000000000288d520
0x0000000012e6f618:   000000006f0ba688 000000078825baf0
0x0000000012e6f628:   000000000288d520 000000078825bae4
0x0000000012e6f638:   0000000000000004 000000078825baf0
0x0000000012e6f648:   000000006eba9079 000000001da59fb0
0x0000000012e6f658:   000002000000008c 00000000027ba800
0x0000000012e6f668:   00000000027afdb0 00000000027bafe0
0x0000000012e6f678:   00000000027bafd0 000000006f0ba688
0x0000000012e6f688:   0000000000000002 0000000027b76650
0x0000000012e6f698:   0000000000000000 000000000288d520
0x0000000012e6f6a8:   000000006ee60080 0000000789d7bc80
0x0000000012e6f6b8:   0000000000000002 000000006f0ba688
0x0000000012e6f6c8:   0000011c000000fb 000000078825aae0
0x0000000012e6f6d8:   0000000000000200 0000000027b76650
0x0000000012e6f6e8:   000000006ee5d37e 000000005c48e933 

Instructions: (pc=0x0000000000000006)
0xffffffffffffffe6:   


Register to memory mapping:

RAX={method} {0x000000001c8d0848} 'toString' '()Ljava/lang/String;' in 'java/lang/Object'
RBX=0x00000000000026af is an unknown value
RCX=0x00000007c0a51550 is pointing into metadata
RDX=0x000000000288d520 is an unknown value
RSP=0x0000000012e6f5f8 is an unknown value
RBP=0x0000000000000000 is an unknown value
RSI=0x000000000288d520 is an unknown value
RDI=0x0000000000000002 is an unknown value
R8 =0x0000000789d7bc80 is an oop

[error occurred during error reporting (printing register info), id 0xc0000005]

Stack: [0x0000000012d70000,0x0000000012e70000],  sp=0x0000000012e6f5f8,  free space=1021k
Native frames: (J=compiled Java code, j=interpreted, Vv=VM code, C=native code)


---------------  P R O C E S S  ---------------

Java Threads: ( => current thread )
  0x0000000021c5b000 JavaThread "Cache worker for Java compile cache (D:\frantic\khaadyamfoods\FRL-YM-daynightfoods-user-android-master\.gradle\5.4.1\javaCompile)" [_thread_blocked, id=12948, stack(0x0000000030e70000,0x0000000030f70000)]
  0x0000000021c61000 JavaThread "stdout" [_thread_in_native, id=2324, stack(0x0000000030ae0000,0x0000000030be0000)]
  0x0000000021c5c800 JavaThread "stderr" [_thread_in_native, id=9376, stack(0x00000000309e0000,0x0000000030ae0000)]
  0x0000000021c53800 JavaThread "pool-23-thread-1" [_thread_blocked, id=1780, stack(0x000000002dc70000,0x000000002dd70000)]
  0x0000000021c52000 JavaThread "Cache worker for execution history cache (D:\frantic\khaadyamfoods\FRL-YM-daynightfoods-user-android-master\.gradle\5.4.1\executionHistory)" [_thread_blocked, id=6056, stack(0x000000002bb40000,0x000000002bc40000)]
  0x0000000021c57000 JavaThread "Execution worker for ':' Thread 3" [_thread_blocked, id=10792, stack(0x000000002ba40000,0x000000002bb40000)]
  0x0000000021c58800 JavaThread "Execution worker for ':' Thread 2" [_thread_blocked, id=11844, stack(0x000000002b940000,0x000000002ba40000)]
  0x0000000024109000 JavaThread "Execution worker for ':'" [_thread_blocked, id=13528, stack(0x000000002b140000,0x000000002b240000)]
  0x0000000024106800 JavaThread "Cache worker for file content cache (D:\frantic\khaadyamfoods\FRL-YM-daynightfoods-user-android-master\.gradle\5.4.1\fileContent)" [_thread_blocked, id=8900, stack(0x000000002b040000,0x000000002b140000)]
  0x0000000024100800 JavaThread "Cache worker for Build Output Cleanup Cache (D:\frantic\khaadyamfoods\FRL-YM-daynightfoods-user-android-master\.gradle\buildOutputCleanup)" [_thread_blocked, id=7400, stack(0x000000002b840000,0x000000002b940000)]
  0x00000000240ff000 JavaThread "Build operations Thread 4" [_thread_blocked, id=11664, stack(0x000000002a710000,0x000000002a810000)]
  0x0000000024106000 JavaThread "Build operations Thread 3" [_thread_blocked, id=9180, stack(0x0000000029120000,0x0000000029220000)]
  0x00000000240fe800 JavaThread "Build operations Thread 2" [_thread_blocked, id=11880, stack(0x0000000028a20000,0x0000000028b20000)]
  0x0000000024105000 JavaThread "Build operations" [_thread_blocked, id=12016, stack(0x0000000027690000,0x0000000027790000)]
  0x0000000024102000 JavaThread "Cache worker for cache directory md-rule (C:\Users\Shaun_Frost\.gradle\caches\5.4.1\md-rule)" [_thread_blocked, id=2892, stack(0x0000000026bd0000,0x0000000026cd0000)]
  0x00000000240fd800 JavaThread "Cache worker for cache directory md-supplier (C:\Users\Shaun_Frost\.gradle\caches\5.4.1\md-supplier)" [_thread_blocked, id=2544, stack(0x00000000242b0000,0x00000000243b0000)]
  0x0000000024104800 JavaThread "Cache worker for file hash cache (D:\frantic\khaadyamfoods\FRL-YM-daynightfoods-user-android-master\.gradle\5.4.1\fileHashes)" [_thread_blocked, id=11356, stack(0x00000000241b0000,0x00000000242b0000)]
  0x0000000024100000 JavaThread "Thread-74" [_thread_blocked, id=14344, stack(0x0000000021b10000,0x0000000021c10000)]
  0x0000000024103000 JavaThread "Stdin handler" [_thread_blocked, id=676, stack(0x0000000021a10000,0x0000000021b10000)]
  0x00000000240fd000 JavaThread "Asynchronous log dispatcher for DefaultDaemonConnection: socket connection from /127.0.0.1:53264 to /127.0.0.1:53418" [_thread_blocked, id=1648, stack(0x0000000021910000,0x0000000021a10000)]
  0x00000000240fa800 JavaThread "Daemon worker Thread 4" [_thread_blocked, id=13076, stack(0x0000000021810000,0x0000000021910000)]
  0x0000000024101800 JavaThread "Cancel handler" [_thread_blocked, id=8284, stack(0x0000000021710000,0x0000000021810000)]
  0x00000000240fc000 JavaThread "Handler for socket connection from /127.0.0.1:53264 to /127.0.0.1:53418" [_thread_in_native, id=6148, stack(0x0000000021410000,0x0000000021510000)]
  0x00000000240fa000 JavaThread "Daemon Thread 4" [_thread_blocked, id=6392, stack(0x0000000021310000,0x0000000021410000)]
  0x0000000025bd8000 JavaThread "Cache worker for Java compile cache (C:\Users\Shaun_Frost\.gradle\caches\5.4.1\javaCompile)" [_thread_blocked, id=6640, stack(0x000000002b740000,0x000000002b840000)]
  0x0000000021c5f800 JavaThread "Cache worker for file content cache (C:\Users\Shaun_Frost\.gradle\caches\5.4.1\fileContent)" [_thread_blocked, id=12556, stack(0x000000002a610000,0x000000002a710000)]
  0x0000000021c52800 JavaThread "Memory manager" [_thread_blocked, id=14108, stack(0x000000002a310000,0x000000002a410000)]
  0x0000000021c55800 JavaThread "Cache worker for execution history cache (C:\Users\Shaun_Frost\.gradle\caches\5.4.1\executionHistory)" [_thread_blocked, id=5140, stack(0x0000000026cd0000,0x0000000026dd0000)]
  0x000000001f6e8800 JavaThread "Cache worker for journal cache (C:\Users\Shaun_Frost\.gradle\caches\journal-1)" [_thread_blocked, id=3416, stack(0x0000000022de0000,0x0000000022ee0000)]
  0x000000001f6e5000 JavaThread "File lock request listener" [_thread_in_native, id=13692, stack(0x0000000022ce0000,0x0000000022de0000)]
  0x000000001f6e5800 JavaThread "Cache worker for file hash cache (C:\Users\Shaun_Frost\.gradle\caches\5.4.1\fileHashes)" [_thread_blocked, id=7432, stack(0x0000000022be0000,0x0000000022ce0000)]
  0x000000002055c000 JavaThread "Daemon periodic checks" [_thread_blocked, id=14588, stack(0x0000000021210000,0x0000000021310000)]
  0x000000002005b800 JavaThread "Incoming local TCP Connector on port 53264" [_thread_in_native, id=10668, stack(0x0000000020fd0000,0x00000000210d0000)]
  0x000000001fe6a800 JavaThread "Daemon health stats" [_thread_blocked, id=3476, stack(0x0000000020990000,0x0000000020a90000)]
  0x000000001ebf0800 JavaThread "Service Thread" daemon [_thread_blocked, id=6276, stack(0x000000001efc0000,0x000000001f0c0000)]
  0x000000001d27a800 JavaThread "C1 CompilerThread2" daemon [_thread_blocked, id=12964, stack(0x000000001eac0000,0x000000001ebc0000)]
  0x000000001d276800 JavaThread "C2 CompilerThread1" daemon [_thread_blocked, id=8440, stack(0x000000001e9c0000,0x000000001eac0000)]
  0x000000001d271000 JavaThread "C2 CompilerThread0" daemon [_thread_blocked, id=9520, stack(0x000000001e8c0000,0x000000001e9c0000)]
  0x000000001d26e800 JavaThread "Attach Listener" daemon [_thread_blocked, id=344, stack(0x000000001e7c0000,0x000000001e8c0000)]
  0x000000001d26d000 JavaThread "Signal Dispatcher" daemon [_thread_blocked, id=14348, stack(0x000000001e6c0000,0x000000001e7c0000)]
  0x000000000289c800 JavaThread "Finalizer" daemon [_thread_blocked, id=15252, stack(0x000000001e4c0000,0x000000001e5c0000)]
  0x000000001d239000 JavaThread "Reference Handler" daemon [_thread_blocked, id=4980, stack(0x000000001e3c0000,0x000000001e4c0000)]
  0x0000000000d8e800 JavaThread "main" [_thread_blocked, id=9888, stack(0x0000000002670000,0x0000000002770000)]

Other Threads:
  0x000000001d237800 VMThread [stack: 0x000000001e2c0000,0x000000001e3c0000] [id=3668]
  0x000000001ec0c800 WatcherThread [stack: 0x000000001f0c0000,0x000000001f1c0000] [id=13324]

=>0x00000000027ba800 (exited) GCTaskThread [stack: 0x0000000012d70000,0x0000000012e70000] [id=13500]

VM state:at safepoint (normal execution)

VM Mutex/Monitor currently owned by a thread:  ([mutex/lock_event])
[0x0000000000d8d4d0] Threads_lock - owner thread: 0x000000001d237800
[0x0000000000d8d3d0] Heap_lock - owner thread: 0x0000000021c58800

Heap:
 PSYoungGen      total 724992K, used 99819K [0x0000000760000000, 0x000000079da80000, 0x00000007c0000000)
  eden space 625152K, 0% used [0x0000000760000000,0x0000000760000000,0x0000000786280000)
  from space 99840K, 99% used [0x0000000786280000,0x000000078c3fafb0,0x000000078c400000)
  to   space 153600K, 0% used [0x0000000794480000,0x0000000794480000,0x000000079da80000)
 ParOldGen       total 387584K, used 346649K [0x00000006a0000000, 0x00000006b7a80000, 0x0000000760000000)
  object space 387584K, 89% used [0x00000006a0000000,0x00000006b52866f0,0x00000006b7a80000)
 Metaspace       used 101333K, capacity 105392K, committed 105432K, reserved 1140736K
  class space    used 12919K, capacity 13762K, committed 13784K, reserved 1048576K

Card table byte_map: [0x0000000011c60000,0x0000000012570000] byte_map_base: 0x000000000e760000

Marking Bits: (ParMarkBitMap*) 0x000000006f280600
 Begin Bits: [0x0000000012f70000, 0x0000000017770000)
 End Bits:   [0x0000000017770000, 0x000000001bf70000)

Polling page: 0x0000000000d10000

CodeCache: size=245760Kb used=76172Kb max_used=76176Kb free=169587Kb
 bounds [0x00000000028a0000, 0x0000000007370000, 0x00000000118a0000]
 total_blobs=21418 nmethods=20502 adapters=825
 compilation: enabled

Compilation events (10 events):
Event: 639.550 Thread 0x000000001d27a800 27227       3       com.sun.tools.javac.main.JavaCompiler::generate (7 bytes)
Event: 639.550 Thread 0x000000001d27a800 nmethod 27227 0x000000000734d2d0 code [0x000000000734d440, 0x000000000734d5e8]
Event: 639.550 Thread 0x000000001d27a800 27228       3       com.sun.tools.javac.main.JavaCompiler::desugar (54 bytes)
Event: 639.552 Thread 0x000000001d27a800 nmethod 27228 0x00000000073565d0 code [0x0000000007356800, 0x0000000007357548]
Event: 639.552 Thread 0x000000001d27a800 27229       3       com.sun.tools.javac.comp.Resolve$12::doLookup (29 bytes)
Event: 639.552 Thread 0x000000001d27a800 nmethod 27229 0x000000000734cc90 code [0x000000000734ce00, 0x000000000734d148]
Event: 639.552 Thread 0x000000001d27a800 27230       3       com.sun.tools.javac.comp.Resolve$12::access (165 bytes)
Event: 639.553 Thread 0x000000001d27a800 nmethod 27230 0x0000000007355450 code [0x0000000007355660, 0x00000000073560a8]
Event: 639.558 Thread 0x000000001d27a800 27231       3       com.sun.tools.javac.tree.JCTree$JCEnhancedForLoop::accept (6 bytes)
Event: 639.558 Thread 0x000000001d27a800 nmethod 27231 0x0000000007354fd0 code [0x0000000007355140, 0x0000000007355368]

GC Heap History (10 events):
Event: 159.494 GC heap after
Heap after GC invocations=38 (full 5):
 PSYoungGen      total 621056K, used 41048K [0x0000000760000000, 0x0000000790080000, 0x00000007c0000000)
  eden space 513536K, 0% used [0x0000000760000000,0x0000000760000000,0x000000077f580000)
  from space 107520K, 38% used [0x000000077f580000,0x0000000781d96350,0x0000000785e80000)
  to   space 101376K, 0% used [0x0000000789d80000,0x0000000789d80000,0x0000000790080000)
 ParOldGen       total 387584K, used 208554K [0x00000006a0000000, 0x00000006b7a80000, 0x0000000760000000)
  object space 387584K, 53% used [0x00000006a0000000,0x00000006acbaab48,0x00000006b7a80000)
 Metaspace       used 97884K, capacity 101634K, committed 101976K, reserved 1138688K
  class space    used 12729K, capacity 13513K, committed 13656K, reserved 1048576K
}
Event: 321.845 GC heap before
{Heap before GC invocations=39 (full 5):
 PSYoungGen      total 621056K, used 554584K [0x0000000760000000, 0x0000000790080000, 0x00000007c0000000)
  eden space 513536K, 100% used [0x0000000760000000,0x000000077f580000,0x000000077f580000)
  from space 107520K, 38% used [0x000000077f580000,0x0000000781d96350,0x0000000785e80000)
  to   space 101376K, 0% used [0x0000000789d80000,0x0000000789d80000,0x0000000790080000)
 ParOldGen       total 387584K, used 208554K [0x00000006a0000000, 0x00000006b7a80000, 0x0000000760000000)
  object space 387584K, 53% used [0x00000006a0000000,0x00000006acbaab48,0x00000006b7a80000)
 Metaspace       used 99422K, capacity 103358K, committed 103512K, reserved 1138688K
  class space    used 12806K, capacity 13607K, committed 13656K, reserved 1048576K
Event: 321.924 GC heap after
Heap after GC invocations=39 (full 5):
 PSYoungGen      total 663040K, used 22526K [0x0000000760000000, 0x000000078f380000, 0x00000007c0000000)
  eden space 574976K, 0% used [0x0000000760000000,0x0000000760000000,0x0000000783180000)
  from space 88064K, 25% used [0x0000000789d80000,0x000000078b37fb40,0x000000078f380000)
  to   space 99328K, 0% used [0x0000000783180000,0x0000000783180000,0x0000000789280000)
 ParOldGen       total 387584K, used 232851K [0x00000006a0000000, 0x00000006b7a80000, 0x0000000760000000)
  object space 387584K, 60% used [0x00000006a0000000,0x00000006ae364e10,0x00000006b7a80000)
 Metaspace       used 99422K, capacity 103358K, committed 103512K, reserved 1138688K
  class space    used 12806K, capacity 13607K, committed 13656K, reserved 1048576K
}
Event: 518.316 GC heap before
{Heap before GC invocations=40 (full 5):
 PSYoungGen      total 663040K, used 597502K [0x0000000760000000, 0x000000078f380000, 0x00000007c0000000)
  eden space 574976K, 100% used [0x0000000760000000,0x0000000783180000,0x0000000783180000)
  from space 88064K, 25% used [0x0000000789d80000,0x000000078b37fb40,0x000000078f380000)
  to   space 99328K, 0% used [0x0000000783180000,0x0000000783180000,0x0000000789280000)
 ParOldGen       total 387584K, used 232851K [0x00000006a0000000, 0x00000006b7a80000, 0x0000000760000000)
  object space 387584K, 60% used [0x00000006a0000000,0x00000006ae364e10,0x00000006b7a80000)
 Metaspace       used 100022K, capacity 104020K, committed 104280K, reserved 1140736K
  class space    used 12821K, capacity 13630K, committed 13656K, reserved 1048576K
Event: 518.360 GC heap after
Heap after GC invocations=40 (full 5):
 PSYoungGen      total 674304K, used 9729K [0x0000000760000000, 0x0000000792c00000, 0x00000007c0000000)
  eden space 574976K, 0% used [0x0000000760000000,0x0000000760000000,0x0000000783180000)
  from space 99328K, 9% used [0x0000000783180000,0x0000000783b004e0,0x0000000789280000)
  to   space 98816K, 0% used [0x000000078cb80000,0x000000078cb80000,0x0000000792c00000)
 ParOldGen       total 387584K, used 245227K [0x00000006a0000000, 0x00000006b7a80000, 0x0000000760000000)
  object space 387584K, 63% used [0x00000006a0000000,0x00000006aef7ac60,0x00000006b7a80000)
 Metaspace       used 100022K, capacity 104020K, committed 104280K, reserved 1140736K
  class space    used 12821K, capacity 13630K, committed 13656K, reserved 1048576K
}
Event: 632.307 GC heap before
{Heap before GC invocations=41 (full 5):
 PSYoungGen      total 674304K, used 584705K [0x0000000760000000, 0x0000000792c00000, 0x00000007c0000000)
  eden space 574976K, 100% used [0x0000000760000000,0x0000000783180000,0x0000000783180000)
  from space 99328K, 9% used [0x0000000783180000,0x0000000783b004e0,0x0000000789280000)
  to   space 98816K, 0% used [0x000000078cb80000,0x000000078cb80000,0x0000000792c00000)
 ParOldGen       total 387584K, used 245227K [0x00000006a0000000, 0x00000006b7a80000, 0x0000000760000000)
  object space 387584K, 63% used [0x00000006a0000000,0x00000006aef7ac60,0x00000006b7a80000)
 Metaspace       used 100595K, capacity 104664K, committed 104920K, reserved 1140736K
  class space    used 12850K, capacity 13694K, committed 13784K, reserved 1048576K
Event: 632.424 GC heap after
Heap after GC invocations=41 (full 5):
 PSYoungGen      total 717312K, used 57999K [0x0000000760000000, 0x0000000792580000, 0x00000007c0000000)
  eden space 625152K, 0% used [0x0000000760000000,0x0000000760000000,0x0000000786280000)
  from space 92160K, 62% used [0x000000078cb80000,0x0000000790423d90,0x0000000792580000)
  to   space 99840K, 0% used [0x0000000786280000,0x0000000786280000,0x000000078c400000)
 ParOldGen       total 387584K, used 245235K [0x00000006a0000000, 0x00000006b7a80000, 0x0000000760000000)
  object space 387584K, 63% used [0x00000006a0000000,0x00000006aef7cc60,0x00000006b7a80000)
 Metaspace       used 100595K, capacity 104664K, committed 104920K, reserved 1140736K
  class space    used 12850K, capacity 13694K, committed 13784K, reserved 1048576K
}
Event: 639.617 GC heap before
{Heap before GC invocations=42 (full 5):
 PSYoungGen      total 717312K, used 683151K [0x0000000760000000, 0x0000000792580000, 0x00000007c0000000)
  eden space 625152K, 100% used [0x0000000760000000,0x0000000786280000,0x0000000786280000)
  from space 92160K, 62% used [0x000000078cb80000,0x0000000790423d90,0x0000000792580000)
  to   space 99840K, 0% used [0x0000000786280000,0x0000000786280000,0x000000078c400000)
 ParOldGen       total 387584K, used 245235K [0x00000006a0000000, 0x00000006b7a80000, 0x0000000760000000)
  object space 387584K, 63% used [0x00000006a0000000,0x00000006aef7cc60,0x00000006b7a80000)
 Metaspace       used 101333K, capacity 105392K, committed 105432K, reserved 1140736K
  class space    used 12919K, capacity 13762K, committed 13784K, reserved 1048576K
Event: 639.982 GC heap after
Heap after GC invocations=42 (full 5):
 PSYoungGen      total 724992K, used 99819K [0x0000000760000000, 0x000000079da80000, 0x00000007c0000000)
  eden space 625152K, 0% used [0x0000000760000000,0x0000000760000000,0x0000000786280000)
  from space 99840K, 99% used [0x0000000786280000,0x000000078c3fafb0,0x000000078c400000)
  to   space 153600K, 0% used [0x0000000794480000,0x0000000794480000,0x000000079da80000)
 ParOldGen       total 387584K, used 346649K [0x00000006a0000000, 0x00000006b7a80000, 0x0000000760000000)
  object space 387584K, 89% used [0x00000006a0000000,0x00000006b52866f0,0x00000006b7a80000)
 Metaspace       used 101333K, capacity 105392K, committed 105432K, reserved 1140736K
  class space    used 12919K, capacity 13762K, committed 13784K, reserved 1048576K
}
Event: 639.982 GC heap before
{Heap before GC invocations=43 (full 6):
 PSYoungGen      total 724992K, used 99819K [0x0000000760000000, 0x000000079da80000, 0x00000007c0000000)
  eden space 625152K, 0% used [0x0000000760000000,0x0000000760000000,0x0000000786280000)
  from space 99840K, 99% used [0x0000000786280000,0x000000078c3fafb0,0x000000078c400000)
  to   space 153600K, 0% used [0x0000000794480000,0x0000000794480000,0x000000079da80000)
 ParOldGen       total 387584K, used 346649K [0x00000006a0000000, 0x00000006b7a80000, 0x0000000760000000)
  object space 387584K, 89% used [0x00000006a0000000,0x00000006b52866f0,0x00000006b7a80000)
 Metaspace       used 101333K, capacity 105392K, committed 105432K, reserved 1140736K
  class space    used 12919K, capacity 13762K, committed 13784K, reserved 1048576K

Deoptimization events (10 events):
Event: 639.463 Thread 0x0000000021c58800 Uncommon trap: reason=unstable_if action=reinterpret pc=0x000000000719f3bc method=com.sun.tools.javac.comp.Resolve.accessInternal(Lcom/sun/tools/javac/code/Symbol;Lcom/sun/tools/javac/util/JCDiagnostic$DiagnosticPosition;Lcom/sun/tools/javac/code/Symbol;LcÅïCãÏ˚É@
Event: 639.491 Thread 0x0000000021c58800 Uncommon trap: reason=class_check action=maybe_recompile pc=0x000000000372e46c method=java.lang.AbstractStringBuilder.append(Ljava/lang/CharSequence;)Ljava/lang/AbstractStringBuilder; @ 26
Event: 639.491 Thread 0x0000000021c58800 Uncommon trap: reason=class_check action=maybe_recompile pc=0x0000000002bd4a58 method=java.lang.AbstractStringBuilder.append(Ljava/lang/CharSequence;II)Ljava/lang/AbstractStringBuilder; @ 18
Event: 639.491 Thread 0x0000000021c58800 Uncommon trap: reason=unstable_if action=reinterpret pc=0x00000000032c243c method=java.lang.String.valueOf(Ljava/lang/Object;)Ljava/lang/String; @ 1
Event: 639.491 Thread 0x0000000021c58800 Uncommon trap: reason=unstable_if action=reinterpret pc=0x0000000007115f40 method=com.sun.tools.javac.comp.Attr.check(Lcom/sun/tools/javac/tree/JCTree;Lcom/sun/tools/javac/code/Type;ILcom/sun/tools/javac/comp/Attr$ResultInfo;)Lcom/sun/tools/javac/code/Type
Event: 639.492 Thread 0x0000000021c58800 Uncommon trap: reason=unstable_if action=reinterpret pc=0x0000000007224f5c method=com.sun.tools.javac.code.Type.isErroneous(Lcom/sun/tools/javac/util/List;)Z @ 19
Event: 639.492 Thread 0x0000000021c58800 Uncommon trap: reason=unstable_if action=reinterpret pc=0x000000000517806c method=com.sun.tools.javac.comp.Attr.check(Lcom/sun/tools/javac/tree/JCTree;Lcom/sun/tools/javac/code/Type;ILcom/sun/tools/javac/comp/Attr$ResultInfo;)Lcom/sun/tools/javac/code/Type(<≤(¸É@
Event: 639.520 Thread 0x0000000021c58800 Uncommon trap: reason=unstable_if action=reinterpret pc=0x000000000517dcc8 method=com.sun.tools.javac.comp.Attr.visitIdent(Lcom/sun/tools/javac/tree/JCTree$JCIdent;)V @ 92
Event: 639.615 Thread 0x0000000021c58800 Uncommon trap: reason=speculate_class_check action=maybe_recompile pc=0x0000000004dcfc00 method=com.sun.tools.javac.code.Type.hasTag(Lcom/sun/tools/javac/code/TypeTag;)Z @ 2
Event: 639.615 Thread 0x0000000021c58800 Uncommon trap: reason=unstable_if action=reinterpret pc=0x0000000006eb2d1c method=com.sun.tools.javac.jvm.ClassReader.setParameterNames(Lcom/sun/tools/javac/code/Symbol$MethodSymbol;Lcom/sun/tools/javac/code/Type;)V @ 57

Internal exceptions (10 events):
Event: 509.269 Thread 0x0000000021c5b000 Exception <a 'java/net/SocketTimeoutException': Read timed out> (0x000000076601da40) thrown at [C:\re\workspace\8-2-build-windows-amd64-cygwin\jdk8u74\6087\hotspot\src\share\vm\prims\jni.cpp, line 735]
Event: 511.925 Thread 0x0000000024101800 Implicit null exception at 0x000000000680952f to 0x000000000680cdf9
Event: 613.720 Thread 0x00000000240fa800 Exception <a 'sun/nio/fs/WindowsException'> (0x0000000761bf2b80) thrown at [C:\re\workspace\8-2-build-windows-amd64-cygwin\jdk8u74\6087\hotspot\src\share\vm\prims\jni.cpp, line 709]
Event: 620.356 Thread 0x0000000024109000 Exception <a 'java/net/SocketTimeoutException': Read timed out> (0x00000007636055c0) thrown at [C:\re\workspace\8-2-build-windows-amd64-cygwin\jdk8u74\6087\hotspot\src\share\vm\prims\jni.cpp, line 735]
Event: 620.934 Thread 0x0000000024109000 Exception <a 'java/net/SocketTimeoutException': Read timed out> (0x000000076361b808) thrown at [C:\re\workspace\8-2-build-windows-amd64-cygwin\jdk8u74\6087\hotspot\src\share\vm\prims\jni.cpp, line 735]
Event: 621.041 Thread 0x0000000024109000 Exception <a 'java/net/SocketTimeoutException': Read timed out> (0x0000000763654858) thrown at [C:\re\workspace\8-2-build-windows-amd64-cygwin\jdk8u74\6087\hotspot\src\share\vm\prims\jni.cpp, line 735]
Event: 621.323 Thread 0x0000000024109000 Exception <a 'java/net/SocketTimeoutException': Read timed out> (0x0000000763667260) thrown at [C:\re\workspace\8-2-build-windows-amd64-cygwin\jdk8u74\6087\hotspot\src\share\vm\prims\jni.cpp, line 735]
Event: 631.909 Thread 0x0000000021c58800 Implicit null exception at 0x00000000048516b8 to 0x0000000004852f74
Event: 635.354 Thread 0x0000000021c58800 Implicit null exception at 0x00000000070cb24f to 0x00000000070cc855
Event: 637.320 Thread 0x0000000021c58800 Implicit null exception at 0x0000000004e6aa05 to 0x0000000004e6b7a5

Events (10 events):
Event: 639.520 Thread 0x0000000021c58800 Uncommon trap: trap_request=0xffffff65 fr.pc=0x000000000517dcc8
Event: 639.520 Thread 0x0000000021c58800 DEOPT PACKING pc=0x000000000517dcc8 sp=0x000000002ba39870
Event: 639.520 Thread 0x0000000021c58800 DEOPT UNPACKING pc=0x00000000028e582a sp=0x000000002ba39870 mode 2
Event: 639.615 Thread 0x0000000021c58800 Uncommon trap: trap_request=0xffffff76 fr.pc=0x0000000004dcfc00
Event: 639.615 Thread 0x0000000021c58800 DEOPT PACKING pc=0x0000000004dcfc00 sp=0x000000002ba39bd0
Event: 639.615 Thread 0x0000000021c58800 DEOPT UNPACKING pc=0x00000000028e582a sp=0x000000002ba39b10 mode 2
Event: 639.615 Thread 0x0000000021c58800 Uncommon trap: trap_request=0xffffff65 fr.pc=0x0000000006eb2d1c
Event: 639.615 Thread 0x0000000021c58800 DEOPT PACKING pc=0x0000000006eb2d1c sp=0x000000002ba39ab0
Event: 639.615 Thread 0x0000000021c58800 DEOPT UNPACKING pc=0x00000000028e582a sp=0x000000002ba39a30 mode 2
Event: 639.617 Executing VM operation: ParallelGCFailedAllocation


Dynamic libraries:
0x00007ff770230000 - 0x00007ff770267000 	C:\Program Files\Java\jdk1.8.0_74\bin\java.exe
0x00007ffb991e0000 - 0x00007ffb993d0000 	C:\WINDOWS\SYSTEM32\ntdll.dll
0x00007ffb569a0000 - 0x00007ffb569b2000 	C:\Program Files\AVAST Software\Avast\aswhook.dll
0x00007ffb977a0000 - 0x00007ffb97852000 	C:\WINDOWS\System32\KERNEL32.DLL
0x00007ffb96bd0000 - 0x00007ffb96e73000 	C:\WINDOWS\System32\KERNELBASE.dll
0x00007ffb980c0000 - 0x00007ffb98163000 	C:\WINDOWS\System32\ADVAPI32.dll
0x00007ffb984c0000 - 0x00007ffb9855e000 	C:\WINDOWS\System32\msvcrt.dll
0x00007ffb97d60000 - 0x00007ffb97df7000 	C:\WINDOWS\System32\sechost.dll
0x00007ffb97290000 - 0x00007ffb973b0000 	C:\WINDOWS\System32\RPCRT4.dll
0x00007ffb97600000 - 0x00007ffb97793000 	C:\WINDOWS\System32\USER32.dll
0x00007ffb96e80000 - 0x00007ffb96ea1000 	C:\WINDOWS\System32\win32u.dll
0x00007ffb97e00000 - 0x00007ffb97e26000 	C:\WINDOWS\System32\GDI32.dll
0x00007ffb97090000 - 0x00007ffb97224000 	C:\WINDOWS\System32\gdi32full.dll
0x00007ffb96b30000 - 0x00007ffb96bce000 	C:\WINDOWS\System32\msvcp_win.dll
0x00007ffb96f90000 - 0x00007ffb9708a000 	C:\WINDOWS\System32\ucrtbase.dll
0x00007ffb90fe0000 - 0x00007ffb91265000 	C:\WINDOWS\WinSxS\amd64_microsoft.windows.common-controls_6595b64144ccf1df_6.0.18362.295_none_e6c3acbd13101292\COMCTL32.dll
0x00007ffb985c0000 - 0x00007ffb988f6000 	C:\WINDOWS\System32\combase.dll
0x00007ffb96940000 - 0x00007ffb969c0000 	C:\WINDOWS\System32\bcryptPrimitives.dll
0x00007ffb99170000 - 0x00007ffb9919e000 	C:\WINDOWS\System32\IMM32.DLL
0x000000006f300000 - 0x000000006f3d2000 	C:\Program Files\Java\jdk1.8.0_74\jre\bin\msvcr100.dll
0x000000006ea70000 - 0x000000006f300000 	C:\Program Files\Java\jdk1.8.0_74\jre\bin\server\jvm.dll
0x00007ffb98180000 - 0x00007ffb98188000 	C:\WINDOWS\System32\PSAPI.DLL
0x00007ffb85880000 - 0x00007ffb85889000 	C:\WINDOWS\SYSTEM32\WSOCK32.dll
0x00007ffb97f80000 - 0x00007ffb97fef000 	C:\WINDOWS\System32\WS2_32.dll
0x00007ffb92d50000 - 0x00007ffb92d74000 	C:\WINDOWS\SYSTEM32\WINMM.dll
0x00007ffb918f0000 - 0x00007ffb918fa000 	C:\WINDOWS\SYSTEM32\VERSION.dll
0x00007ffb92d20000 - 0x00007ffb92d4d000 	C:\WINDOWS\SYSTEM32\WINMMBASE.dll
0x00007ffb96170000 - 0x00007ffb961ba000 	C:\WINDOWS\System32\cfgmgr32.dll
0x0000000070440000 - 0x000000007044f000 	C:\Program Files\Java\jdk1.8.0_74\jre\bin\verify.dll
0x000000006ea40000 - 0x000000006ea69000 	C:\Program Files\Java\jdk1.8.0_74\jre\bin\java.dll
0x000000006ea20000 - 0x000000006ea36000 	C:\Program Files\Java\jdk1.8.0_74\jre\bin\zip.dll
0x00007ffb98900000 - 0x00007ffb98fe2000 	C:\WINDOWS\System32\SHELL32.dll
0x00007ffb973b0000 - 0x00007ffb97459000 	C:\WINDOWS\System32\shcore.dll
0x00007ffb961c0000 - 0x00007ffb9693c000 	C:\WINDOWS\System32\windows.storage.dll
0x00007ffb96130000 - 0x00007ffb9614f000 	C:\WINDOWS\System32\profapi.dll
0x00007ffb960e0000 - 0x00007ffb9612a000 	C:\WINDOWS\System32\powrprof.dll
0x00007ffb960b0000 - 0x00007ffb960c0000 	C:\WINDOWS\System32\UMPDC.dll
0x00007ffb98560000 - 0x00007ffb985b2000 	C:\WINDOWS\System32\shlwapi.dll
0x00007ffb960c0000 - 0x00007ffb960d1000 	C:\WINDOWS\System32\kernel.appcore.dll
0x00007ffb96b10000 - 0x00007ffb96b27000 	C:\WINDOWS\System32\cryptsp.dll
0x000000006ea00000 - 0x000000006ea1a000 	C:\Program Files\Java\jdk1.8.0_74\jre\bin\net.dll
0x00007ffb95920000 - 0x00007ffb95987000 	C:\WINDOWS\system32\mswsock.dll
0x000000006e9e0000 - 0x000000006e9f1000 	C:\Program Files\Java\jdk1.8.0_74\jre\bin\nio.dll
0x00007ffb7dfc0000 - 0x00007ffb7dfe6000 	C:\Users\Shaun_Frost\.gradle\native\29\windows-amd64\native-platform.dll
0x0000000070430000 - 0x000000007043d000 	C:\Program Files\Java\jdk1.8.0_74\jre\bin\management.dll
0x00007ffb95490000 - 0x00007ffb954c3000 	C:\WINDOWS\system32\rsaenh.dll
0x00007ffb96eb0000 - 0x00007ffb96ed6000 	C:\WINDOWS\System32\bcrypt.dll
0x00007ffb95fd0000 - 0x00007ffb95ff5000 	C:\WINDOWS\SYSTEM32\USERENV.dll
0x00007ffb95af0000 - 0x00007ffb95afc000 	C:\WINDOWS\SYSTEM32\CRYPTBASE.dll
0x00007ffb95630000 - 0x00007ffb9566a000 	C:\WINDOWS\SYSTEM32\IPHLPAPI.DLL
0x00007ffb97860000 - 0x00007ffb97868000 	C:\WINDOWS\System32\NSI.dll
0x00007ffb8ad00000 - 0x00007ffb8ad16000 	C:\WINDOWS\SYSTEM32\dhcpcsvc6.DLL
0x00007ffb8c8a0000 - 0x00007ffb8c8bc000 	C:\WINDOWS\SYSTEM32\dhcpcsvc.DLL
0x00007ffb95680000 - 0x00007ffb9574a000 	C:\WINDOWS\SYSTEM32\DNSAPI.dll
0x000000006e9b0000 - 0x000000006e9d4000 	C:\Program Files\Java\jdk1.8.0_74\jre\bin\sunec.dll
0x00007ffb87610000 - 0x00007ffb8761a000 	C:\Windows\System32\rasadhlp.dll
0x00007ffb8a870000 - 0x00007ffb8a8e7000 	C:\WINDOWS\System32\fwpuclnt.dll
0x00007ffb6e060000 - 0x00007ffb6e076000 	C:\WINDOWS\system32\napinsp.dll
0x00007ffb6e040000 - 0x00007ffb6e05a000 	C:\WINDOWS\system32\pnrpnsp.dll
0x00007ffb90980000 - 0x00007ffb9098e000 	C:\WINDOWS\System32\winrnr.dll
0x00007ffb92880000 - 0x00007ffb9289c000 	C:\WINDOWS\system32\NLAapi.dll
0x00007ffb8f160000 - 0x00007ffb8f175000 	C:\WINDOWS\system32\wshbth.dll
0x00007ffb950f0000 - 0x00007ffb95121000 	C:\WINDOWS\SYSTEM32\ntmarta.dll
0x00007ffb82bd0000 - 0x00007ffb82dc4000 	C:\WINDOWS\SYSTEM32\dbghelp.dll

VM Arguments:
jvm_args: -Xmx4608M -Dfile.encoding=windows-1252 -Duser.country=IN -Duser.language=en -Duser.variant 
java_command: org.gradle.launcher.daemon.bootstrap.GradleDaemon 5.4.1
java_class_path (initial): C:\Users\Shaun_Frost\.gradle\wrapper\dists\gradle-5.4.1-all\3221gyojl5jsh0helicew7rwx\gradle-5.4.1\lib\gradle-launcher-5.4.1.jar
Launcher Type: SUN_STANDARD

Environment Variables:
JAVA_HOME=F:\Android_Studio\AndStd\jre
USERNAME=Shaun_Frost
OS=Windows_NT
PROCESSOR_IDENTIFIER=Intel64 Family 6 Model 69 Stepping 1, GenuineIntel



---------------  S Y S T E M  ---------------

OS: Windows 10.0 , 64 bit Build 18362 (10.0.18362.86)

CPU:total 4 (2 cores per cpu, 2 threads per core) family 6 model 69 stepping 1, cmov, cx8, fxsr, mmx, sse, sse2, sse3, ssse3, sse4.1, sse4.2, popcnt, avx, avx2, aes, clmul, erms, lzcnt, ht, tsc, tscinvbit, bmi1, bmi2

Memory: 4k page, physical 8290124k(439308k free), swap 13533004k(2823328k free)

vm_info: Java HotSpot(TM) 64-Bit Server VM (25.74-b02) for windows-amd64 JRE (1.8.0_74-b02), built on Jan 29 2016 17:42:36 by "java_re" with MS VC++ 10.0 (VS2010)

time: Tue Sep 10 13:31:45 2019
elapsed time: 640 seconds (0d 0h 10m 40s)

